     1 00000000                                 [FORMAT "WCOFF"]
     2 00000000                                 [INSTRSET "i486p"]
     3 00000000                                 [OPTIMIZE 1]
     4 00000000                                 [OPTION 1]
     5 00000000                                 [BITS 32]
     6 00000000                                 	EXTERN	_table_rgb.0
     7 00000000                                 	EXTERN	_io_load_eflags
     8 00000000                                 	EXTERN	_io_cli
     9 00000000                                 	EXTERN	_io_out8
    10 00000000                                 	EXTERN	_io_store_eflags
    11 00000000                                 	EXTERN	_hankaku
    12 00000000                                 [FILE "graphic.c"]
    13                                          [SECTION .data]
    14 00000000                                 _table_rgb.0:
    15 00000000 00                              	DB	0
    16 00000001 00                              	DB	0
    17 00000002 00                              	DB	0
    18 00000003 FF                              	DB	-1
    19 00000004 00                              	DB	0
    20 00000005 00                              	DB	0
    21 00000006 00                              	DB	0
    22 00000007 FF                              	DB	-1
    23 00000008 00                              	DB	0
    24 00000009 FF                              	DB	-1
    25 0000000A FF                              	DB	-1
    26 0000000B 00                              	DB	0
    27 0000000C 00                              	DB	0
    28 0000000D 00                              	DB	0
    29 0000000E FF                              	DB	-1
    30 0000000F FF                              	DB	-1
    31 00000010 00                              	DB	0
    32 00000011 FF                              	DB	-1
    33 00000012 00                              	DB	0
    34 00000013 FF                              	DB	-1
    35 00000014 FF                              	DB	-1
    36 00000015 FF                              	DB	-1
    37 00000016 FF                              	DB	-1
    38 00000017 FF                              	DB	-1
    39 00000018 C6                              	DB	-58
    40 00000019 C6                              	DB	-58
    41 0000001A C6                              	DB	-58
    42 0000001B 84                              	DB	-124
    43 0000001C 00                              	DB	0
    44 0000001D 84                              	DB	-124
    45 0000001E 84                              	DB	-124
    46 0000001F 84                              	DB	-124
    47 00000020 00                              	DB	0
    48 00000021 00                              	DB	0
    49 00000022 00                              	DB	0
    50 00000023 84                              	DB	-124
    51 00000024 84                              	DB	-124
    52 00000025 00                              	DB	0
    53 00000026 84                              	DB	-124
    54 00000027 00                              	DB	0
    55 00000028 84                              	DB	-124
    56 00000029 84                              	DB	-124
    57 0000002A 84                              	DB	-124
    58 0000002B 84                              	DB	-124
    59 0000002C 84                              	DB	-124
    60                                          [SECTION .text]
    61 00000000                                 	GLOBAL	_init_palette
    62 00000000                                 _init_palette:
    63 00000000 55                              	PUSH	EBP
    64 00000001 89 E5                           	MOV	EBP,ESP
    65 00000003 68 [00000000]                   	PUSH	_table_rgb.0
    66 00000008 6A 0F                           	PUSH	15
    67 0000000A 6A 00                           	PUSH	0
    68 0000000C E8 00000002                     	CALL	_set_paletta
    69 00000011 C9                              	LEAVE
    70 00000012 C3                              	RET
    71 00000013                                 	GLOBAL	_set_paletta
    72 00000013                                 _set_paletta:
    73 00000013 55                              	PUSH	EBP
    74 00000014 89 E5                           	MOV	EBP,ESP
    75 00000016 57                              	PUSH	EDI
    76 00000017 56                              	PUSH	ESI
    77 00000018 53                              	PUSH	EBX
    78 00000019 51                              	PUSH	ECX
    79 0000001A 8B 5D 08                        	MOV	EBX,DWORD [8+EBP]
    80 0000001D 8B 7D 0C                        	MOV	EDI,DWORD [12+EBP]
    81 00000020 8B 75 10                        	MOV	ESI,DWORD [16+EBP]
    82 00000023 E8 [00000000]                   	CALL	_io_load_eflags
    83 00000028 89 45 F0                        	MOV	DWORD [-16+EBP],EAX
    84 0000002B E8 [00000000]                   	CALL	_io_cli
    85 00000030 53                              	PUSH	EBX
    86 00000031 68 000003C8                     	PUSH	968
    87 00000036 E8 [00000000]                   	CALL	_io_out8
    88 0000003B 39 FB                           	CMP	EBX,EDI
    89 0000003D 58                              	POP	EAX
    90 0000003E 5A                              	POP	EDX
    91 0000003F 7E 12                           	JLE	L7
    92 00000041                                 L9:
    93 00000041 8B 45 F0                        	MOV	EAX,DWORD [-16+EBP]
    94 00000044 89 45 08                        	MOV	DWORD [8+EBP],EAX
    95 00000047 8D 65 F4                        	LEA	ESP,DWORD [-12+EBP]
    96 0000004A 5B                              	POP	EBX
    97 0000004B 5E                              	POP	ESI
    98 0000004C 5F                              	POP	EDI
    99 0000004D 5D                              	POP	EBP
   100 0000004E E9 [00000000]                   	JMP	_io_store_eflags
   101 00000053                                 L7:
   102 00000053 8A 06                           	MOV	AL,BYTE [ESI]
   103 00000055 43                              	INC	EBX
   104 00000056 C0 E8 02                        	SHR	AL,2
   105 00000059 0F B6 C0                        	MOVZX	EAX,AL
   106 0000005C 50                              	PUSH	EAX
   107 0000005D 68 000003C9                     	PUSH	969
   108 00000062 E8 [00000000]                   	CALL	_io_out8
   109 00000067 8A 46 01                        	MOV	AL,BYTE [1+ESI]
   110 0000006A C0 E8 02                        	SHR	AL,2
   111 0000006D 0F B6 C0                        	MOVZX	EAX,AL
   112 00000070 50                              	PUSH	EAX
   113 00000071 68 000003C9                     	PUSH	969
   114 00000076 E8 [00000000]                   	CALL	_io_out8
   115 0000007B 8A 46 02                        	MOV	AL,BYTE [2+ESI]
   116 0000007E C0 E8 02                        	SHR	AL,2
   117 00000081 83 C6 03                        	ADD	ESI,3
   118 00000084 0F B6 C0                        	MOVZX	EAX,AL
   119 00000087 50                              	PUSH	EAX
   120 00000088 68 000003C9                     	PUSH	969
   121 0000008D E8 [00000000]                   	CALL	_io_out8
   122 00000092 83 C4 18                        	ADD	ESP,24
   123 00000095 39 FB                           	CMP	EBX,EDI
   124 00000097 7E BA                           	JLE	L7
   125 00000099 EB A6                           	JMP	L9
   126 0000009B                                 	GLOBAL	_boxfill8
   127 0000009B                                 _boxfill8:
   128 0000009B 55                              	PUSH	EBP
   129 0000009C 89 E5                           	MOV	EBP,ESP
   130 0000009E 57                              	PUSH	EDI
   131 0000009F 56                              	PUSH	ESI
   132 000000A0 53                              	PUSH	EBX
   133 000000A1 57                              	PUSH	EDI
   134 000000A2 57                              	PUSH	EDI
   135 000000A3 8A 45 10                        	MOV	AL,BYTE [16+EBP]
   136 000000A6 8B 4D 18                        	MOV	ECX,DWORD [24+EBP]
   137 000000A9 8B 7D 1C                        	MOV	EDI,DWORD [28+EBP]
   138 000000AC 88 45 F3                        	MOV	BYTE [-13+EBP],AL
   139 000000AF 3B 4D 20                        	CMP	ECX,DWORD [32+EBP]
   140 000000B2 7F 31                           	JG	L22
   141 000000B4 8B 5D 0C                        	MOV	EBX,DWORD [12+EBP]
   142 000000B7 0F AF D9                        	IMUL	EBX,ECX
   143 000000BA                                 L20:
   144 000000BA 8B 55 14                        	MOV	EDX,DWORD [20+EBP]
   145 000000BD 39 FA                           	CMP	EDX,EDI
   146 000000BF 7F 1B                           	JG	L24
   147 000000C1 8B 75 08                        	MOV	ESI,DWORD [8+EBP]
   148 000000C4 01 DE                           	ADD	ESI,EBX
   149 000000C6 01 D6                           	ADD	ESI,EDX
   150 000000C8 89 75 EC                        	MOV	DWORD [-20+EBP],ESI
   151 000000CB                                 L19:
   152 000000CB 8B 75 EC                        	MOV	ESI,DWORD [-20+EBP]
   153 000000CE 8A 45 F3                        	MOV	AL,BYTE [-13+EBP]
   154 000000D1 42                              	INC	EDX
   155 000000D2 88 06                           	MOV	BYTE [ESI],AL
   156 000000D4 46                              	INC	ESI
   157 000000D5 89 75 EC                        	MOV	DWORD [-20+EBP],ESI
   158 000000D8 39 FA                           	CMP	EDX,EDI
   159 000000DA 7E EF                           	JLE	L19
   160 000000DC                                 L24:
   161 000000DC 41                              	INC	ECX
   162 000000DD 03 5D 0C                        	ADD	EBX,DWORD [12+EBP]
   163 000000E0 3B 4D 20                        	CMP	ECX,DWORD [32+EBP]
   164 000000E3 7E D5                           	JLE	L20
   165 000000E5                                 L22:
   166 000000E5 5B                              	POP	EBX
   167 000000E6 5E                              	POP	ESI
   168 000000E7 5B                              	POP	EBX
   169 000000E8 5E                              	POP	ESI
   170 000000E9 5F                              	POP	EDI
   171 000000EA 5D                              	POP	EBP
   172 000000EB C3                              	RET
   173 000000EC                                 	GLOBAL	_init_screen
   174 000000EC                                 _init_screen:
   175 000000EC 55                              	PUSH	EBP
   176 000000ED 89 E5                           	MOV	EBP,ESP
   177 000000EF 57                              	PUSH	EDI
   178 000000F0 56                              	PUSH	ESI
   179 000000F1 53                              	PUSH	EBX
   180 000000F2 83 EC 0C                        	SUB	ESP,12
   181 000000F5 8B 45 10                        	MOV	EAX,DWORD [16+EBP]
   182 000000F8 8B 7D 0C                        	MOV	EDI,DWORD [12+EBP]
   183 000000FB 83 E8 1D                        	SUB	EAX,29
   184 000000FE 4F                              	DEC	EDI
   185 000000FF 50                              	PUSH	EAX
   186 00000100 57                              	PUSH	EDI
   187 00000101 6A 00                           	PUSH	0
   188 00000103 6A 00                           	PUSH	0
   189 00000105 6A 0D                           	PUSH	13
   190 00000107 FF 75 0C                        	PUSH	DWORD [12+EBP]
   191 0000010A FF 75 08                        	PUSH	DWORD [8+EBP]
   192 0000010D E8 FFFFFF89                     	CALL	_boxfill8
   193 00000112 8B 45 10                        	MOV	EAX,DWORD [16+EBP]
   194 00000115 83 E8 1C                        	SUB	EAX,28
   195 00000118 50                              	PUSH	EAX
   196 00000119 57                              	PUSH	EDI
   197 0000011A 50                              	PUSH	EAX
   198 0000011B 6A 00                           	PUSH	0
   199 0000011D 6A 08                           	PUSH	8
   200 0000011F FF 75 0C                        	PUSH	DWORD [12+EBP]
   201 00000122 FF 75 08                        	PUSH	DWORD [8+EBP]
   202 00000125 E8 FFFFFF71                     	CALL	_boxfill8
   203 0000012A 8B 45 10                        	MOV	EAX,DWORD [16+EBP]
   204 0000012D 83 C4 38                        	ADD	ESP,56
   205 00000130 83 E8 1B                        	SUB	EAX,27
   206 00000133 50                              	PUSH	EAX
   207 00000134 57                              	PUSH	EDI
   208 00000135 50                              	PUSH	EAX
   209 00000136 6A 00                           	PUSH	0
   210 00000138 6A 07                           	PUSH	7
   211 0000013A FF 75 0C                        	PUSH	DWORD [12+EBP]
   212 0000013D FF 75 08                        	PUSH	DWORD [8+EBP]
   213 00000140 E8 FFFFFF56                     	CALL	_boxfill8
   214 00000145 8B 45 10                        	MOV	EAX,DWORD [16+EBP]
   215 00000148 48                              	DEC	EAX
   216 00000149 50                              	PUSH	EAX
   217 0000014A 8B 45 10                        	MOV	EAX,DWORD [16+EBP]
   218 0000014D 57                              	PUSH	EDI
   219 0000014E 83 E8 1A                        	SUB	EAX,26
   220 00000151 50                              	PUSH	EAX
   221 00000152 6A 00                           	PUSH	0
   222 00000154 6A 08                           	PUSH	8
   223 00000156 FF 75 0C                        	PUSH	DWORD [12+EBP]
   224 00000159 FF 75 08                        	PUSH	DWORD [8+EBP]
   225 0000015C E8 FFFFFF3A                     	CALL	_boxfill8
   226 00000161 8B 75 10                        	MOV	ESI,DWORD [16+EBP]
   227 00000164 83 C4 38                        	ADD	ESP,56
   228 00000167 83 EE 18                        	SUB	ESI,24
   229 0000016A 56                              	PUSH	ESI
   230 0000016B 6A 3B                           	PUSH	59
   231 0000016D 56                              	PUSH	ESI
   232 0000016E 6A 03                           	PUSH	3
   233 00000170 6A 07                           	PUSH	7
   234 00000172 FF 75 0C                        	PUSH	DWORD [12+EBP]
   235 00000175 FF 75 08                        	PUSH	DWORD [8+EBP]
   236 00000178 E8 FFFFFF1E                     	CALL	_boxfill8
   237 0000017D 8B 45 10                        	MOV	EAX,DWORD [16+EBP]
   238 00000180 83 E8 04                        	SUB	EAX,4
   239 00000183 50                              	PUSH	EAX
   240 00000184 89 45 F0                        	MOV	DWORD [-16+EBP],EAX
   241 00000187 6A 02                           	PUSH	2
   242 00000189 56                              	PUSH	ESI
   243 0000018A 6A 02                           	PUSH	2
   244 0000018C 6A 07                           	PUSH	7
   245 0000018E FF 75 0C                        	PUSH	DWORD [12+EBP]
   246 00000191 FF 75 08                        	PUSH	DWORD [8+EBP]
   247 00000194 E8 FFFFFF02                     	CALL	_boxfill8
   248 00000199 83 C4 38                        	ADD	ESP,56
   249 0000019C FF 75 F0                        	PUSH	DWORD [-16+EBP]
   250 0000019F 6A 3B                           	PUSH	59
   251 000001A1 FF 75 F0                        	PUSH	DWORD [-16+EBP]
   252 000001A4 6A 03                           	PUSH	3
   253 000001A6 6A 0F                           	PUSH	15
   254 000001A8 FF 75 0C                        	PUSH	DWORD [12+EBP]
   255 000001AB FF 75 08                        	PUSH	DWORD [8+EBP]
   256 000001AE E8 FFFFFEE8                     	CALL	_boxfill8
   257 000001B3 8B 45 10                        	MOV	EAX,DWORD [16+EBP]
   258 000001B6 83 E8 05                        	SUB	EAX,5
   259 000001B9 50                              	PUSH	EAX
   260 000001BA 8B 45 10                        	MOV	EAX,DWORD [16+EBP]
   261 000001BD 6A 3B                           	PUSH	59
   262 000001BF 83 E8 17                        	SUB	EAX,23
   263 000001C2 50                              	PUSH	EAX
   264 000001C3 89 45 EC                        	MOV	DWORD [-20+EBP],EAX
   265 000001C6 6A 3B                           	PUSH	59
   266 000001C8 6A 0F                           	PUSH	15
   267 000001CA FF 75 0C                        	PUSH	DWORD [12+EBP]
   268 000001CD FF 75 08                        	PUSH	DWORD [8+EBP]
   269 000001D0 E8 FFFFFEC6                     	CALL	_boxfill8
   270 000001D5 8B 45 10                        	MOV	EAX,DWORD [16+EBP]
   271 000001D8 83 C4 38                        	ADD	ESP,56
   272 000001DB 83 E8 03                        	SUB	EAX,3
   273 000001DE 89 45 E8                        	MOV	DWORD [-24+EBP],EAX
   274 000001E1 50                              	PUSH	EAX
   275 000001E2 6A 3B                           	PUSH	59
   276 000001E4 50                              	PUSH	EAX
   277 000001E5 6A 02                           	PUSH	2
   278 000001E7 6A 00                           	PUSH	0
   279 000001E9 FF 75 0C                        	PUSH	DWORD [12+EBP]
   280 000001EC FF 75 08                        	PUSH	DWORD [8+EBP]
   281 000001EF E8 FFFFFEA7                     	CALL	_boxfill8
   282 000001F4 FF 75 E8                        	PUSH	DWORD [-24+EBP]
   283 000001F7 6A 3C                           	PUSH	60
   284 000001F9 56                              	PUSH	ESI
   285 000001FA 6A 3C                           	PUSH	60
   286 000001FC 6A 00                           	PUSH	0
   287 000001FE FF 75 0C                        	PUSH	DWORD [12+EBP]
   288 00000201 FF 75 08                        	PUSH	DWORD [8+EBP]
   289 00000204 E8 FFFFFE92                     	CALL	_boxfill8
   290 00000209 8B 7D 0C                        	MOV	EDI,DWORD [12+EBP]
   291 0000020C 83 C4 38                        	ADD	ESP,56
   292 0000020F 8B 5D 0C                        	MOV	EBX,DWORD [12+EBP]
   293 00000212 83 EB 04                        	SUB	EBX,4
   294 00000215 83 EF 2F                        	SUB	EDI,47
   295 00000218 56                              	PUSH	ESI
   296 00000219 53                              	PUSH	EBX
   297 0000021A 56                              	PUSH	ESI
   298 0000021B 57                              	PUSH	EDI
   299 0000021C 6A 0F                           	PUSH	15
   300 0000021E FF 75 0C                        	PUSH	DWORD [12+EBP]
   301 00000221 FF 75 08                        	PUSH	DWORD [8+EBP]
   302 00000224 E8 FFFFFE72                     	CALL	_boxfill8
   303 00000229 FF 75 F0                        	PUSH	DWORD [-16+EBP]
   304 0000022C 57                              	PUSH	EDI
   305 0000022D FF 75 EC                        	PUSH	DWORD [-20+EBP]
   306 00000230 57                              	PUSH	EDI
   307 00000231 6A 0F                           	PUSH	15
   308 00000233 FF 75 0C                        	PUSH	DWORD [12+EBP]
   309 00000236 FF 75 08                        	PUSH	DWORD [8+EBP]
   310 00000239 E8 FFFFFE5D                     	CALL	_boxfill8
   311 0000023E 83 C4 38                        	ADD	ESP,56
   312 00000241 FF 75 E8                        	PUSH	DWORD [-24+EBP]
   313 00000244 53                              	PUSH	EBX
   314 00000245 FF 75 E8                        	PUSH	DWORD [-24+EBP]
   315 00000248 57                              	PUSH	EDI
   316 00000249 6A 07                           	PUSH	7
   317 0000024B FF 75 0C                        	PUSH	DWORD [12+EBP]
   318 0000024E FF 75 08                        	PUSH	DWORD [8+EBP]
   319 00000251 E8 FFFFFE45                     	CALL	_boxfill8
   320 00000256 8B 45 0C                        	MOV	EAX,DWORD [12+EBP]
   321 00000259 FF 75 E8                        	PUSH	DWORD [-24+EBP]
   322 0000025C 83 E8 03                        	SUB	EAX,3
   323 0000025F 50                              	PUSH	EAX
   324 00000260 56                              	PUSH	ESI
   325 00000261 50                              	PUSH	EAX
   326 00000262 6A 07                           	PUSH	7
   327 00000264 FF 75 0C                        	PUSH	DWORD [12+EBP]
   328 00000267 FF 75 08                        	PUSH	DWORD [8+EBP]
   329 0000026A E8 FFFFFE2C                     	CALL	_boxfill8
   330 0000026F 8D 65 F4                        	LEA	ESP,DWORD [-12+EBP]
   331 00000272 5B                              	POP	EBX
   332 00000273 5E                              	POP	ESI
   333 00000274 5F                              	POP	EDI
   334 00000275 5D                              	POP	EBP
   335 00000276 C3                              	RET
   336 00000277                                 	GLOBAL	_putfont8
   337 00000277                                 _putfont8:
   338 00000277 55                              	PUSH	EBP
   339 00000278 89 E5                           	MOV	EBP,ESP
   340 0000027A 57                              	PUSH	EDI
   341 0000027B 56                              	PUSH	ESI
   342 0000027C 31 F6                           	XOR	ESI,ESI
   343 0000027E 53                              	PUSH	EBX
   344 0000027F 50                              	PUSH	EAX
   345 00000280 8B 7D 1C                        	MOV	EDI,DWORD [28+EBP]
   346 00000283 8A 5D 18                        	MOV	BL,BYTE [24+EBP]
   347 00000286                                 L39:
   348 00000286 8B 45 14                        	MOV	EAX,DWORD [20+EBP]
   349 00000289 8A 14 3E                        	MOV	DL,BYTE [ESI+EDI*1]
   350 0000028C 01 F0                           	ADD	EAX,ESI
   351 0000028E 0F AF 45 0C                     	IMUL	EAX,DWORD [12+EBP]
   352 00000292 03 45 08                        	ADD	EAX,DWORD [8+EBP]
   353 00000295 89 C1                           	MOV	ECX,EAX
   354 00000297 03 4D 10                        	ADD	ECX,DWORD [16+EBP]
   355 0000029A 84 D2                           	TEST	DL,DL
   356 0000029C 79 02                           	JNS	L31
   357 0000029E 88 19                           	MOV	BYTE [ECX],BL
   358 000002A0                                 L31:
   359 000002A0 88 D0                           	MOV	AL,DL
   360 000002A2 83 E0 40                        	AND	EAX,64
   361 000002A5 84 C0                           	TEST	AL,AL
   362 000002A7 74 03                           	JE	L32
   363 000002A9 88 59 01                        	MOV	BYTE [1+ECX],BL
   364 000002AC                                 L32:
   365 000002AC 88 D0                           	MOV	AL,DL
   366 000002AE 83 E0 20                        	AND	EAX,32
   367 000002B1 84 C0                           	TEST	AL,AL
   368 000002B3 74 03                           	JE	L33
   369 000002B5 88 59 02                        	MOV	BYTE [2+ECX],BL
   370 000002B8                                 L33:
   371 000002B8 88 D0                           	MOV	AL,DL
   372 000002BA 83 E0 10                        	AND	EAX,16
   373 000002BD 84 C0                           	TEST	AL,AL
   374 000002BF 74 03                           	JE	L34
   375 000002C1 88 59 03                        	MOV	BYTE [3+ECX],BL
   376 000002C4                                 L34:
   377 000002C4 88 D0                           	MOV	AL,DL
   378 000002C6 83 E0 08                        	AND	EAX,8
   379 000002C9 84 C0                           	TEST	AL,AL
   380 000002CB 74 03                           	JE	L35
   381 000002CD 88 59 04                        	MOV	BYTE [4+ECX],BL
   382 000002D0                                 L35:
   383 000002D0 88 D0                           	MOV	AL,DL
   384 000002D2 83 E0 04                        	AND	EAX,4
   385 000002D5 84 C0                           	TEST	AL,AL
   386 000002D7 74 03                           	JE	L36
   387 000002D9 88 59 05                        	MOV	BYTE [5+ECX],BL
   388 000002DC                                 L36:
   389 000002DC 88 D0                           	MOV	AL,DL
   390 000002DE 83 E0 02                        	AND	EAX,2
   391 000002E1 84 C0                           	TEST	AL,AL
   392 000002E3 74 03                           	JE	L37
   393 000002E5 88 59 06                        	MOV	BYTE [6+ECX],BL
   394 000002E8                                 L37:
   395 000002E8 83 E2 01                        	AND	EDX,1
   396 000002EB 84 D2                           	TEST	DL,DL
   397 000002ED 74 03                           	JE	L29
   398 000002EF 88 59 07                        	MOV	BYTE [7+ECX],BL
   399 000002F2                                 L29:
   400 000002F2 46                              	INC	ESI
   401 000002F3 83 FE 0F                        	CMP	ESI,15
   402 000002F6 7E 8E                           	JLE	L39
   403 000002F8 58                              	POP	EAX
   404 000002F9 5B                              	POP	EBX
   405 000002FA 5E                              	POP	ESI
   406 000002FB 5F                              	POP	EDI
   407 000002FC 5D                              	POP	EBP
   408 000002FD C3                              	RET
   409 000002FE                                 	GLOBAL	_putfonts8_asc
   410 000002FE                                 _putfonts8_asc:
   411 000002FE 55                              	PUSH	EBP
   412 000002FF 89 E5                           	MOV	EBP,ESP
   413 00000301 57                              	PUSH	EDI
   414 00000302 56                              	PUSH	ESI
   415 00000303 53                              	PUSH	EBX
   416 00000304 50                              	PUSH	EAX
   417 00000305 8B 5D 1C                        	MOV	EBX,DWORD [28+EBP]
   418 00000308 8A 45 18                        	MOV	AL,BYTE [24+EBP]
   419 0000030B 88 45 F3                        	MOV	BYTE [-13+EBP],AL
   420 0000030E 8B 75 10                        	MOV	ESI,DWORD [16+EBP]
   421 00000311 8B 7D 14                        	MOV	EDI,DWORD [20+EBP]
   422 00000314 80 3B 00                        	CMP	BYTE [EBX],0
   423 00000317 75 08                           	JNE	L47
   424 00000319                                 L49:
   425 00000319 8D 65 F4                        	LEA	ESP,DWORD [-12+EBP]
   426 0000031C 5B                              	POP	EBX
   427 0000031D 5E                              	POP	ESI
   428 0000031E 5F                              	POP	EDI
   429 0000031F 5D                              	POP	EBP
   430 00000320 C3                              	RET
   431 00000321                                 L47:
   432 00000321 0F B6 03                        	MOVZX	EAX,BYTE [EBX]
   433 00000324 C1 E0 04                        	SAL	EAX,4
   434 00000327 43                              	INC	EBX
   435 00000328 05 [00000000]                   	ADD	EAX,_hankaku
   436 0000032D 50                              	PUSH	EAX
   437 0000032E 0F BE 45 F3                     	MOVSX	EAX,BYTE [-13+EBP]
   438 00000332 50                              	PUSH	EAX
   439 00000333 57                              	PUSH	EDI
   440 00000334 56                              	PUSH	ESI
   441 00000335 83 C6 08                        	ADD	ESI,8
   442 00000338 FF 75 0C                        	PUSH	DWORD [12+EBP]
   443 0000033B FF 75 08                        	PUSH	DWORD [8+EBP]
   444 0000033E E8 FFFFFF34                     	CALL	_putfont8
   445 00000343 83 C4 18                        	ADD	ESP,24
   446 00000346 80 3B 00                        	CMP	BYTE [EBX],0
   447 00000349 75 D6                           	JNE	L47
   448 0000034B EB CC                           	JMP	L49
   449                                          [SECTION .data]
   450 0000002D                                 _cursor.1:
   451 0000002D 2A 2A 2A 2A 2A 2A 2A 2A 2A 2A   	DB	"**************.."
       00000037 2A 2A 2A 2A 2E 2E 
   452 0000003D 2A 4F 4F 4F 4F 4F 4F 4F 4F 4F   	DB	"*OOOOOOOOOOO*..."
       00000047 4F 4F 2A 2E 2E 2E 
   453 0000004D 2A 4F 4F 4F 4F 4F 4F 4F 4F 4F   	DB	"*OOOOOOOOOO*...."
       00000057 4F 2A 2E 2E 2E 2E 
   454 0000005D 2A 4F 4F 4F 4F 4F 4F 4F 4F 4F   	DB	"*OOOOOOOOO*....."
       00000067 2A 2E 2E 2E 2E 2E 
   455 0000006D 2A 4F 4F 4F 4F 4F 4F 4F 4F 2A   	DB	"*OOOOOOOO*......"
       00000077 2E 2E 2E 2E 2E 2E 
   456 0000007D 2A 4F 4F 4F 4F 4F 4F 4F 2A 2E   	DB	"*OOOOOOO*......."
       00000087 2E 2E 2E 2E 2E 2E 
   457 0000008D 2A 4F 4F 4F 4F 4F 4F 4F 2A 2E   	DB	"*OOOOOOO*......."
       00000097 2E 2E 2E 2E 2E 2E 
   458 0000009D 2A 4F 4F 4F 4F 4F 4F 4F 4F 2A   	DB	"*OOOOOOOO*......"
       000000A7 2E 2E 2E 2E 2E 2E 
   459 000000AD 2A 4F 4F 4F 4F 2A 2A 4F 4F 4F   	DB	"*OOOO**OOO*....."
       000000B7 2A 2E 2E 2E 2E 2E 
   460 000000BD 2A 4F 4F 4F 2A 2E 2E 2A 4F 4F   	DB	"*OOO*..*OOO*...."
       000000C7 4F 2A 2E 2E 2E 2E 
   461 000000CD 2A 4F 4F 2A 2E 2E 2E 2E 2A 4F   	DB	"*OO*....*OOO*..."
       000000D7 4F 4F 2A 2E 2E 2E 
   462 000000DD 2A 4F 2A 2E 2E 2E 2E 2E 2E 2A   	DB	"*O*......*OOO*.."
       000000E7 4F 4F 4F 2A 2E 2E 
   463 000000ED 2A 2A 2E 2E 2E 2E 2E 2E 2E 2E   	DB	"**........*OOO*."
       000000F7 2A 4F 4F 4F 2A 2E 
   464 000000FD 2A 2E 2E 2E 2E 2E 2E 2E 2E 2E   	DB	"*..........*OOO*"
       00000107 2E 2A 4F 4F 4F 2A 
   465 0000010D 2E 2E 2E 2E 2E 2E 2E 2E 2E 2E   	DB	"............*OO*"
       00000117 2E 2E 2A 4F 4F 2A 
   466 0000011D 2E 2E 2E 2E 2E 2E 2E 2E 2E 2E   	DB	".............***"
       00000127 2E 2E 2E 2A 2A 2A 
   467                                          [SECTION .text]
   468 0000034D                                 	GLOBAL	_init_mouse_cursor8
   469 0000034D                                 _init_mouse_cursor8:
   470 0000034D 55                              	PUSH	EBP
   471 0000034E 89 E5                           	MOV	EBP,ESP
   472 00000350 57                              	PUSH	EDI
   473 00000351 56                              	PUSH	ESI
   474 00000352 31 FF                           	XOR	EDI,EDI
   475 00000354 53                              	PUSH	EBX
   476 00000355 31 DB                           	XOR	EBX,EBX
   477 00000357 50                              	PUSH	EAX
   478 00000358 8A 45 0C                        	MOV	AL,BYTE [12+EBP]
   479 0000035B 8B 75 08                        	MOV	ESI,DWORD [8+EBP]
   480 0000035E 88 45 F3                        	MOV	BYTE [-13+EBP],AL
   481 00000361                                 L63:
   482 00000361 31 D2                           	XOR	EDX,EDX
   483 00000363                                 L62:
   484 00000363 8D 04 3A                        	LEA	EAX,DWORD [EDX+EDI*1]
   485 00000366 80 B8 [0000002D] 2A             	CMP	BYTE [_cursor.1+EAX],42
   486 0000036D 74 35                           	JE	L68
   487 0000036F                                 L59:
   488 0000036F 80 B8 [0000002D] 4F             	CMP	BYTE [_cursor.1+EAX],79
   489 00000376 74 26                           	JE	L69
   490 00000378                                 L60:
   491 00000378 80 B8 [0000002D] 2E             	CMP	BYTE [_cursor.1+EAX],46
   492 0000037F 74 15                           	JE	L70
   493 00000381                                 L57:
   494 00000381 42                              	INC	EDX
   495 00000382 83 FA 0F                        	CMP	EDX,15
   496 00000385 7E DC                           	JLE	L62
   497 00000387 43                              	INC	EBX
   498 00000388 83 C7 10                        	ADD	EDI,16
   499 0000038B 83 FB 0F                        	CMP	EBX,15
   500 0000038E 7E D1                           	JLE	L63
   501 00000390 58                              	POP	EAX
   502 00000391 5B                              	POP	EBX
   503 00000392 5E                              	POP	ESI
   504 00000393 5F                              	POP	EDI
   505 00000394 5D                              	POP	EBP
   506 00000395 C3                              	RET
   507 00000396                                 L70:
   508 00000396 8A 4D F3                        	MOV	CL,BYTE [-13+EBP]
   509 00000399 88 0C 30                        	MOV	BYTE [EAX+ESI*1],CL
   510 0000039C EB E3                           	JMP	L57
   511 0000039E                                 L69:
   512 0000039E C6 04 30 07                     	MOV	BYTE [EAX+ESI*1],7
   513 000003A2 EB D4                           	JMP	L60
   514 000003A4                                 L68:
   515 000003A4 C6 04 30 00                     	MOV	BYTE [EAX+ESI*1],0
   516 000003A8 EB C5                           	JMP	L59
   517 000003AA                                 	GLOBAL	_putblock8_8
   518 000003AA                                 _putblock8_8:
   519 000003AA 55                              	PUSH	EBP
   520 000003AB 89 E5                           	MOV	EBP,ESP
   521 000003AD 57                              	PUSH	EDI
   522 000003AE 56                              	PUSH	ESI
   523 000003AF 31 F6                           	XOR	ESI,ESI
   524 000003B1 53                              	PUSH	EBX
   525 000003B2 83 EC 0C                        	SUB	ESP,12
   526 000003B5 3B 75 14                        	CMP	ESI,DWORD [20+EBP]
   527 000003B8 7D 3E                           	JGE	L83
   528 000003BA 31 FF                           	XOR	EDI,EDI
   529 000003BC                                 L81:
   530 000003BC 31 DB                           	XOR	EBX,EBX
   531 000003BE 3B 5D 10                        	CMP	EBX,DWORD [16+EBP]
   532 000003C1 7D 2C                           	JGE	L85
   533 000003C3 8B 45 20                        	MOV	EAX,DWORD [32+EBP]
   534 000003C6 01 F8                           	ADD	EAX,EDI
   535 000003C8 89 45 EC                        	MOV	DWORD [-20+EBP],EAX
   536 000003CB                                 L80:
   537 000003CB 8B 45 1C                        	MOV	EAX,DWORD [28+EBP]
   538 000003CE 8B 55 18                        	MOV	EDX,DWORD [24+EBP]
   539 000003D1 01 F0                           	ADD	EAX,ESI
   540 000003D3 01 DA                           	ADD	EDX,EBX
   541 000003D5 0F AF 45 0C                     	IMUL	EAX,DWORD [12+EBP]
   542 000003D9 01 D0                           	ADD	EAX,EDX
   543 000003DB 8B 4D 08                        	MOV	ECX,DWORD [8+EBP]
   544 000003DE 8B 55 EC                        	MOV	EDX,DWORD [-20+EBP]
   545 000003E1 43                              	INC	EBX
   546 000003E2 8A 12                           	MOV	DL,BYTE [EDX]
   547 000003E4 88 14 08                        	MOV	BYTE [EAX+ECX*1],DL
   548 000003E7 FF 45 EC                        	INC	DWORD [-20+EBP]
   549 000003EA 3B 5D 10                        	CMP	EBX,DWORD [16+EBP]
   550 000003ED 7C DC                           	JL	L80
   551 000003EF                                 L85:
   552 000003EF 46                              	INC	ESI
   553 000003F0 03 7D 24                        	ADD	EDI,DWORD [36+EBP]
   554 000003F3 3B 75 14                        	CMP	ESI,DWORD [20+EBP]
   555 000003F6 7C C4                           	JL	L81
   556 000003F8                                 L83:
   557 000003F8 83 C4 0C                        	ADD	ESP,12
   558 000003FB 5B                              	POP	EBX
   559 000003FC 5E                              	POP	ESI
   560 000003FD 5F                              	POP	EDI
   561 000003FE 5D                              	POP	EBP
   562 000003FF C3                              	RET
