     1 00000000                                 [FORMAT "WCOFF"]
     2 00000000                                 [INSTRSET "i486p"]
     3 00000000                                 [OPTIMIZE 1]
     4 00000000                                 [OPTION 1]
     5 00000000                                 [BITS 32]
     6 00000000                                 	EXTERN	_api_initmalloc
     7 00000000                                 	EXTERN	_api_malloc
     8 00000000                                 	EXTERN	_api_fopenEx
     9 00000000                                 	EXTERN	_api_fcloseEx
    10 00000000                                 	EXTERN	_api_end
    11 00000000                                 	EXTERN	_sprintf
    12 00000000                                 	EXTERN	_api_fwrite
    13 00000000                                 [FILE "sosu3.c"]
    14                                          [SECTION .data]
    15 00000000                                 LC0:
    16 00000000 73 6F 73 75 2E 74 78 74 00      	DB	"sosu.txt",0x00
    17 00000009                                 LC1:
    18 00000009 25 30 34 64 20 00               	DB	"%04d ",0x00
    19 0000000F                                 LC2:
    20 0000000F 0A 00                           	DB	0x0A,0x00
    21                                          [SECTION .text]
    22 00000000                                 	GLOBAL	_ZuviMain
    23 00000000                                 _ZuviMain:
    24 00000000 55                              	PUSH	EBP
    25 00000001 89 E5                           	MOV	EBP,ESP
    26 00000003 57                              	PUSH	EDI
    27 00000004 56                              	PUSH	ESI
    28 00000005 31 F6                           	XOR	ESI,ESI
    29 00000007 53                              	PUSH	EBX
    30 00000008 83 EC 14                        	SUB	ESP,20
    31 0000000B E8 [00000000]                   	CALL	_api_initmalloc
    32 00000010 68 00002710                     	PUSH	10000
    33 00000015 E8 [00000000]                   	CALL	_api_malloc
    34 0000001A 59                              	POP	ECX
    35 0000001B 89 45 E8                        	MOV	DWORD [-24+EBP],EAX
    36 0000001E                                 L6:
    37 0000001E 8B 45 E8                        	MOV	EAX,DWORD [-24+EBP]
    38 00000021 C6 04 06 00                     	MOV	BYTE [ESI+EAX*1],0
    39 00000025 46                              	INC	ESI
    40 00000026 81 FE 0000270F                  	CMP	ESI,9999
    41 0000002C 7E F0                           	JLE	L6
    42 0000002E 6A 10                           	PUSH	16
    43 00000030 68 [00000000]                   	PUSH	LC0
    44 00000035 E8 [00000000]                   	CALL	_api_fopenEx
    45 0000003A 89 C7                           	MOV	EDI,EAX
    46 0000003C 58                              	POP	EAX
    47 0000003D 5A                              	POP	EDX
    48 0000003E 85 FF                           	TEST	EDI,EDI
    49 00000040 0F 84 0000008F                  	JE	L25
    50 00000046                                 L7:
    51 00000046 C7 45 E4 00000000               	MOV	DWORD [-28+EBP],0
    52 0000004D BE 00000002                     	MOV	ESI,2
    53 00000052                                 L19:
    54 00000052 8B 55 E8                        	MOV	EDX,DWORD [-24+EBP]
    55 00000055 80 3C 16 00                     	CMP	BYTE [ESI+EDX*1],0
    56 00000059 74 1C                           	JE	L26
    57 0000005B                                 L10:
    58 0000005B 46                              	INC	ESI
    59 0000005C 81 FE 0000270F                  	CMP	ESI,9999
    60 00000062 7E EE                           	JLE	L19
    61 00000064 57                              	PUSH	EDI
    62 00000065 E8 [00000000]                   	CALL	_api_fcloseEx
    63 0000006A E8 [00000000]                   	CALL	_api_end
    64 0000006F 8D 65 F4                        	LEA	ESP,DWORD [-12+EBP]
    65 00000072 5B                              	POP	EBX
    66 00000073 5E                              	POP	ESI
    67 00000074 5F                              	POP	EDI
    68 00000075 5D                              	POP	EBP
    69 00000076 C3                              	RET
    70 00000077                                 L26:
    71 00000077 56                              	PUSH	ESI
    72 00000078 8D 5D EC                        	LEA	EBX,DWORD [-20+EBP]
    73 0000007B 68 [00000009]                   	PUSH	LC1
    74 00000080 53                              	PUSH	EBX
    75 00000081 E8 [00000000]                   	CALL	_sprintf
    76 00000086 57                              	PUSH	EDI
    77 00000087 6A 05                           	PUSH	5
    78 00000089 53                              	PUSH	EBX
    79 0000008A E8 [00000000]                   	CALL	_api_fwrite
    80 0000008F 83 C4 18                        	ADD	ESP,24
    81 00000092 BA 00000005                     	MOV	EDX,5
    82 00000097 8B 45 E4                        	MOV	EAX,DWORD [-28+EBP]
    83 0000009A 89 D1                           	MOV	ECX,EDX
    84 0000009C 99                              	CDQ
    85 0000009D F7 F9                           	IDIV	ECX
    86 0000009F 83 FA 04                        	CMP	EDX,4
    87 000000A2 74 1F                           	JE	L27
    88 000000A4                                 L13:
    89 000000A4 8D 04 36                        	LEA	EAX,DWORD [ESI+ESI*1]
    90 000000A7 FF 45 E4                        	INC	DWORD [-28+EBP]
    91 000000AA 3D 0000270F                     	CMP	EAX,9999
    92 000000AF 7F AA                           	JG	L10
    93 000000B1                                 L18:
    94 000000B1 8B 55 E8                        	MOV	EDX,DWORD [-24+EBP]
    95 000000B4 C6 04 10 01                     	MOV	BYTE [EAX+EDX*1],1
    96 000000B8 01 F0                           	ADD	EAX,ESI
    97 000000BA 3D 0000270F                     	CMP	EAX,9999
    98 000000BF 7E F0                           	JLE	L18
    99 000000C1 EB 98                           	JMP	L10
   100 000000C3                                 L27:
   101 000000C3 57                              	PUSH	EDI
   102 000000C4 6A 01                           	PUSH	1
   103 000000C6 68 [0000000F]                   	PUSH	LC2
   104 000000CB E8 [00000000]                   	CALL	_api_fwrite
   105 000000D0 83 C4 0C                        	ADD	ESP,12
   106 000000D3 EB CF                           	JMP	L13
   107 000000D5                                 L25:
   108 000000D5 E8 [00000000]                   	CALL	_api_end
   109 000000DA E9 FFFFFF67                     	JMP	L7
